29.1667
(2,1) (1,4) (3,2) (4,3) Passageiro 0 embarcou em 1 e desembarcou em 2
Passageiro 3 embarcou em 4 e desembarcou em 1
x_01 = 0
x_02 = 0
x_03 = 1
x_10 = 1
x_12 = 0
x_13 = 0
x_20 = 0
x_21 = 1
x_23 = 0
x_30 = 0
x_31 = 0
x_32 = 1
f_00 = 0
f_01 = 1
f_02 = -0
f_03 = -0
f_10 = 0
f_11 = 0
f_12 = 0
f_13 = -0
f_20 = 0
f_21 = -0
f_22 = 0
f_23 = -0
f_30 = 1
f_31 = -0
f_32 = -0
f_33 = 0
q_0 = 1
q_1 = 0
q_2 = 0
q_3 = 1
v_01^0 = 0
v_01^1 = 0
v_01^2 = 0
v_01^3 = 0
v_02^0 = -0
v_02^1 = 0
v_02^2 = 0
v_02^3 = 0
v_03^0 = 1
v_03^1 = 0
v_03^2 = 0
v_03^3 = 0
v_10^0 = 0
v_10^1 = 0
v_10^2 = 0
v_10^3 = 1
v_12^0 = -0
v_12^1 = 0
v_12^2 = 0
v_12^3 = 0
v_13^0 = 0
v_13^1 = 0
v_13^2 = 0
v_13^3 = 0
v_20^0 = 0
v_20^1 = 0
v_20^2 = 0
v_20^3 = 0
v_21^0 = 1
v_21^1 = 0
v_21^2 = 0
v_21^3 = 1
v_23^0 = -0
v_23^1 = 0
v_23^2 = 0
v_23^3 = 0
v_30^0 = 0
v_30^1 = 0
v_30^2 = -0
v_30^3 = 0
v_31^0 = 0
v_31^1 = 0
v_31^2 = -0
v_31^3 = 0
v_32^0 = 1
v_32^1 = -0
v_32^2 = 0
v_32^3 = 1

