27.5
(2,1) (3,1) (1,4) (3,2) (4,3) Passageiro 1 embarcou em 1 e desembarcou em 2
Passageiro 3 embarcou em 2 e desembarcou em 1
Passageiro 6 embarcou em 4 e desembarcou em 1
x_01 = -3.88578e-16
x_02 = 0
x_03 = 1
x_10 = 1
x_12 = -1.11022e-16
x_13 = -1.11022e-16
x_20 = 1.11022e-16
x_21 = 1
x_23 = 0
x_30 = -3.60822e-16
x_31 = -5.82867e-16
x_32 = 1
f_00 = 0
f_01 = -0
f_02 = 0
f_03 = -0
f_10 = 0
f_11 = 1
f_12 = -0
f_13 = -0
f_20 = 0
f_21 = 0
f_22 = -5.55112e-16
f_23 = -0
f_30 = 1
f_31 = 0
f_32 = -0
f_33 = -0
f_40 = 0
f_41 = -0
f_42 = 0
f_43 = -0
f_50 = -0
f_51 = 0
f_52 = 0
f_53 = -0
f_60 = 1
f_61 = -0
f_62 = -0
f_63 = 0
f_70 = 0
f_71 = 0
f_72 = 0
f_73 = 0
q_0 = -0
q_1 = 1
q_2 = -5.55112e-16
q_3 = 1
q_4 = 0
q_5 = -0
q_6 = 1
q_7 = -0
v_01^0 = 0
v_01^1 = -3.88578e-16
v_01^2 = 0
v_01^3 = 0
v_01^4 = 0
v_01^5 = 0
v_01^6 = 0
v_01^7 = 0
v_02^0 = 0
v_02^1 = 0
v_02^2 = 0
v_02^3 = 0
v_02^4 = 0
v_02^5 = 0
v_02^6 = 0
v_02^7 = 0
v_03^0 = 0
v_03^1 = 1
v_03^2 = 0
v_03^3 = 0
v_03^4 = 0
v_03^5 = 0
v_03^6 = 0
v_03^7 = 0
v_10^0 = 0
v_10^1 = 0
v_10^2 = -0
v_10^3 = 1
v_10^4 = 0
v_10^5 = 0
v_10^6 = 1
v_10^7 = 0
v_12^0 = 0
v_12^1 = -0
v_12^2 = -1.11022e-16
v_12^3 = 0
v_12^4 = 0
v_12^5 = 0
v_12^6 = 1.66533e-16
v_12^7 = 0
v_13^0 = 0
v_13^1 = 0
v_13^2 = -1.11022e-16
v_13^3 = 0
v_13^4 = 0
v_13^5 = 0
v_13^6 = 0
v_13^7 = 0
v_20^0 = 0
v_20^1 = 0
v_20^2 = 2.77556e-16
v_20^3 = 0
v_20^4 = -0
v_20^5 = 0
v_20^6 = 4.44089e-16
v_20^7 = 0
v_21^0 = 0
v_21^1 = 1
v_21^2 = 0
v_21^3 = 0
v_21^4 = 0
v_21^5 = 0
v_21^6 = 1
v_21^7 = 0
v_23^0 = 0
v_23^1 = 0
v_23^2 = 0
v_23^3 = 0
v_23^4 = 0
v_23^5 = 0
v_23^6 = 0
v_23^7 = 0
v_30^0 = 0
v_30^1 = 0
v_30^2 = 0
v_30^3 = 0
v_30^4 = -0
v_30^5 = 0
v_30^6 = -3.60822e-16
v_30^7 = 0
v_31^0 = 0
v_31^1 = -5.82867e-16
v_31^2 = 0
v_31^3 = 0
v_31^4 = -0
v_31^5 = 0
v_31^6 = -3.60822e-16
v_31^7 = 0
v_32^0 = 0
v_32^1 = 1
v_32^2 = -1.11022e-16
v_32^3 = 0
v_32^4 = 0
v_32^5 = 0
v_32^6 = 1
v_32^7 = 0

