Sem a restriçao 11

98.25
(2,1) (1,3) (3,2) Passageiro 7 embarcou em 2 e desembarcou em 1
Passageiro 10 embarcou em 2 e desembarcou em 1
Passageiro 11 embarcou em 2 e desembarcou em 1
Passageiro 15 embarcou em 3 e desembarcou em 2
Passageiro 17 embarcou em 3 e desembarcou em 2
Passageiro 22 embarcou em 3 e desembarcou em 2
x_01 = 0
x_02 = 1
x_03 = 0
x_10 = 1
x_12 = -0
x_13 = 0
x_20 = 0
x_21 = 1
x_23 = 0
x_30 = 0
x_31 = 0
x_32 = 0
f_00 = 0
f_01 = 0
f_02 = -0
f_03 = 0
f_10 = 0
f_11 = 0
f_12 = -0
f_13 = -0
f_20 = 0
f_21 = -0
f_22 = 0
f_23 = -0
f_30 = -0
f_31 = 0
f_32 = -0
f_33 = 0
f_40 = -0
f_41 = 0
f_42 = 0
f_43 = -0
f_50 = -0
f_51 = 0
f_52 = 0
f_53 = -0
f_60 = 0
f_61 = 0
f_62 = -0
f_63 = -0
f_70 = 1
f_71 = 0
f_72 = -0
f_73 = -0
f_80 = -0
f_81 = 0
f_82 = -0
f_83 = 0
f_90 = -0
f_91 = 0
f_92 = 0
f_93 = -0
f_100 = 1
f_101 = 0
f_102 = -0
f_103 = -0
f_110 = 1
f_111 = 0
f_112 = -0
f_113 = -0
f_120 = 0
f_121 = 0
f_122 = -0
f_123 = -0
f_130 = -0
f_131 = -0
f_132 = 0
f_133 = -0
f_140 = 0
f_141 = -0
f_142 = 0
f_143 = -0
f_150 = -0
f_151 = 1
f_152 = 0
f_153 = -0
f_160 = 0
f_161 = -0
f_162 = 0
f_163 = -0
f_170 = -0
f_171 = 1
f_172 = 0
f_173 = -0
f_180 = 0
f_181 = -0
f_182 = 0
f_183 = -0
f_190 = 0
f_191 = -0
f_192 = 0
f_193 = -0
f_200 = 0
f_201 = -0
f_202 = 0
f_203 = -0
f_210 = 0
f_211 = -0
f_212 = 0
f_213 = -0
f_220 = -0
f_221 = 1
f_222 = 0
f_223 = -0
f_230 = -0
f_231 = -0
f_232 = 0
f_233 = -0
f_240 = 0
f_241 = -0
f_242 = 0
f_243 = -0
f_250 = 0
f_251 = -0
f_252 = -0
f_253 = 0
f_260 = 0
f_261 = 0
f_262 = 0
f_263 = 0
f_270 = 0
f_271 = -0
f_272 = -0
f_273 = 0
f_280 = 0
f_281 = -0
f_282 = -0
f_283 = 0
f_290 = 0
f_291 = -0
f_292 = -0
f_293 = 0
q_0 = 0
q_1 = 0
q_2 = 0
q_3 = -0
q_4 = 0
q_5 = 0
q_6 = -0
q_7 = 1
q_8 = -0
q_9 = 0
q_10 = 1
q_11 = 1
q_12 = 0
q_13 = 0
q_14 = 0
q_15 = 1
q_16 = 0
q_17 = 1
q_18 = 0
q_19 = 0
q_20 = 0
q_21 = 0
q_22 = 1
q_23 = 0
q_24 = 0
q_25 = 0
q_26 = 0
q_27 = 0
q_28 = 0
q_29 = 0
v_01^0 = -0
v_01^1 = -0
v_01^2 = 0
v_01^3 = 0
v_01^4 = 0
v_01^5 = 0
v_01^6 = 0
v_01^7 = 0
v_01^8 = 0
v_01^9 = 0
v_01^10 = 0
v_01^11 = 0
v_01^12 = 0
v_01^13 = 0
v_01^14 = 0
v_01^15 = 0
v_01^16 = 0
v_01^17 = 0
v_01^18 = 0
v_01^19 = 0
v_01^20 = 0
v_01^21 = 0
v_01^22 = 0
v_01^23 = 0
v_01^24 = 0
v_01^25 = 0
v_01^26 = 0
v_01^27 = 0
v_01^28 = 0
v_01^29 = 0
v_02^0 = 0
v_02^1 = -0
v_02^2 = -0
v_02^3 = 0
v_02^4 = 0
v_02^5 = 0
v_02^6 = 0
v_02^7 = 0
v_02^8 = 0
v_02^9 = 0
v_02^10 = 0
v_02^11 = 0
v_02^12 = 0
v_02^13 = 0
v_02^14 = 0
v_02^15 = 0
v_02^16 = 0
v_02^17 = 0
v_02^18 = 0
v_02^19 = 0
v_02^20 = 0
v_02^21 = 0
v_02^22 = 0
v_02^23 = 0
v_02^24 = 0
v_02^25 = 0
v_02^26 = 0
v_02^27 = 0
v_02^28 = 0
v_02^29 = 0
v_03^0 = 0
v_03^1 = 0
v_03^2 = 0
v_03^3 = 0
v_03^4 = 0
v_03^5 = 0
v_03^6 = 0
v_03^7 = 0
v_03^8 = 0
v_03^9 = 0
v_03^10 = 0
v_03^11 = 0
v_03^12 = 0
v_03^13 = 0
v_03^14 = 0
v_03^15 = 0
v_03^16 = 0
v_03^17 = 0
v_03^18 = 0
v_03^19 = 0
v_03^20 = 0
v_03^21 = 0
v_03^22 = 0
v_03^23 = 0
v_03^24 = 0
v_03^25 = 0
v_03^26 = 0
v_03^27 = 0
v_03^28 = 0
v_03^29 = 0
v_10^0 = 0
v_10^1 = 0
v_10^2 = 0
v_10^3 = 0
v_10^4 = 0
v_10^5 = 0
v_10^6 = 0
v_10^7 = 1
v_10^8 = 0
v_10^9 = 0
v_10^10 = 1
v_10^11 = 1
v_10^12 = -0
v_10^13 = 0
v_10^14 = -0
v_10^15 = 0
v_10^16 = -0
v_10^17 = 0
v_10^18 = -0
v_10^19 = -0
v_10^20 = -0
v_10^21 = -0
v_10^22 = 0
v_10^23 = 0
v_10^24 = -0
v_10^25 = -0
v_10^26 = 0
v_10^27 = -0
v_10^28 = -0
v_10^29 = -0
v_12^0 = -0
v_12^1 = -0
v_12^2 = -0
v_12^3 = 0
v_12^4 = 0
v_12^5 = 0
v_12^6 = -0
v_12^7 = 0
v_12^8 = 0
v_12^9 = 0
v_12^10 = 0
v_12^11 = 0
v_12^12 = 0
v_12^13 = 0
v_12^14 = 0
v_12^15 = 0
v_12^16 = 0
v_12^17 = 0
v_12^18 = 0
v_12^19 = 0
v_12^20 = 0
v_12^21 = 0
v_12^22 = 0
v_12^23 = 0
v_12^24 = 0
v_12^25 = -0
v_12^26 = -0
v_12^27 = 0
v_12^28 = 0
v_12^29 = 0
v_13^0 = -0
v_13^1 = -0
v_13^2 = -0
v_13^3 = -0
v_13^4 = -0
v_13^5 = -0
v_13^6 = -0
v_13^7 = -0
v_13^8 = -0
v_13^9 = -0
v_13^10 = -0
v_13^11 = -0
v_13^12 = -0
v_13^13 = -0
v_13^14 = -0
v_13^15 = -0
v_13^16 = -0
v_13^17 = -0
v_13^18 = -0
v_13^19 = -0
v_13^20 = 0
v_13^21 = 0
v_13^22 = -0
v_13^23 = -0
v_13^24 = -0
v_13^25 = 0
v_13^26 = 0
v_13^27 = 0
v_13^28 = 0
v_13^29 = 0
v_20^0 = 0
v_20^1 = 0
v_20^2 = 0
v_20^3 = 0
v_20^4 = 0
v_20^5 = 0
v_20^6 = -0
v_20^7 = -0
v_20^8 = 0
v_20^9 = 0
v_20^10 = -0
v_20^11 = -0
v_20^12 = -0
v_20^13 = 0
v_20^14 = -0
v_20^15 = 0
v_20^16 = -0
v_20^17 = 0
v_20^18 = 0
v_20^19 = 0
v_20^20 = 0
v_20^21 = 0
v_20^22 = 0
v_20^23 = 0
v_20^24 = -0
v_20^25 = -0
v_20^26 = 0
v_20^27 = -0
v_20^28 = -0
v_20^29 = -0
v_21^0 = 0
v_21^1 = 0
v_21^2 = -0
v_21^3 = 0
v_21^4 = 0
v_21^5 = 0
v_21^6 = 0
v_21^7 = 0
v_21^8 = 0
v_21^9 = 0
v_21^10 = 0
v_21^11 = 0
v_21^12 = 0
v_21^13 = 0
v_21^14 = -0
v_21^15 = 1
v_21^16 = -0
v_21^17 = 1
v_21^18 = -0
v_21^19 = -0
v_21^20 = -0
v_21^21 = -0
v_21^22 = 1
v_21^23 = 0
v_21^24 = -0
v_21^25 = -0
v_21^26 = 0
v_21^27 = 0
v_21^28 = -0
v_21^29 = -0
v_23^0 = -0
v_23^1 = -0
v_23^2 = -0
v_23^3 = 0
v_23^4 = 0
v_23^5 = 0
v_23^6 = 0
v_23^7 = 0
v_23^8 = 0
v_23^9 = 0
v_23^10 = -0
v_23^11 = 0
v_23^12 = -0
v_23^13 = 0
v_23^14 = 0
v_23^15 = 0
v_23^16 = 0
v_23^17 = 0
v_23^18 = 0
v_23^19 = 0
v_23^20 = 0
v_23^21 = 0
v_23^22 = 0
v_23^23 = 0
v_23^24 = 0
v_23^25 = 0
v_23^26 = 0
v_23^27 = 0
v_23^28 = 0
v_23^29 = 0
v_30^0 = 0
v_30^1 = 0
v_30^2 = 0
v_30^3 = 0
v_30^4 = 0
v_30^5 = 0
v_30^6 = 0
v_30^7 = -0
v_30^8 = 0
v_30^9 = 0
v_30^10 = 0
v_30^11 = -0
v_30^12 = 0
v_30^13 = 0
v_30^14 = -0
v_30^15 = 0
v_30^16 = -0
v_30^17 = 0
v_30^18 = -0
v_30^19 = -0
v_30^20 = -0
v_30^21 = -0
v_30^22 = 0
v_30^23 = 0
v_30^24 = -0
v_30^25 = -0
v_30^26 = 0
v_30^27 = -0
v_30^28 = -0
v_30^29 = -0
v_31^0 = -0
v_31^1 = 0
v_31^2 = 0
v_31^3 = 0
v_31^4 = 0
v_31^5 = 0
v_31^6 = 0
v_31^7 = 0
v_31^8 = 0
v_31^9 = 0
v_31^10 = 0
v_31^11 = 0
v_31^12 = 0
v_31^13 = 0
v_31^14 = 0
v_31^15 = 0
v_31^16 = 0
v_31^17 = 0
v_31^18 = 0
v_31^19 = 0
v_31^20 = 0
v_31^21 = 0
v_31^22 = 0
v_31^23 = 0
v_31^24 = 0
v_31^25 = 0
v_31^26 = 0
v_31^27 = 0
v_31^28 = 0
v_31^29 = 0
v_32^0 = -0
v_32^1 = -0
v_32^2 = 0
v_32^3 = 0
v_32^4 = 0
v_32^5 = 0
v_32^6 = -0
v_32^7 = -0
v_32^8 = 0
v_32^9 = 0
v_32^10 = -0
v_32^11 = -0
v_32^12 = -0
v_32^13 = 0
v_32^14 = 0
v_32^15 = 0
v_32^16 = 0
v_32^17 = 0
v_32^18 = 0
v_32^19 = 0
v_32^20 = 0
v_32^21 = 0
v_32^22 = 0
v_32^23 = 0
v_32^24 = 0
v_32^25 = 0
v_32^26 = 0
v_32^27 = 0
v_32^28 = -0
v_32^29 = 0

